<?xml version="1.0" encoding="UTF-8"?>
<!-- Generated by org.testng.reporters.JUnitXMLReporter -->
<testsuite ignored="4" hostname="marwan" failures="0" tests="2" name="UI-smokeTests" time="16.314" errors="0" timestamp="2022-12-22T22:21:03 EST">
  <testcase classname="tests.SignupTests" name="signUpPageTest" time="8.516"/>
  <testcase classname="tests.SignupTests" name="test5" time="2.992"/>
  <testcase classname="tests.SignupTests" name="test6" time="0.0">
    <ignored/>
  </testcase> <!-- test6 -->
  <testcase classname="tests.SignupTests" name="test2" time="0.0">
    <ignored/>
  </testcase> <!-- test2 -->
  <testcase classname="tests.SignupTests" name="test4" time="0.0">
    <ignored/>
  </testcase> <!-- test4 -->
  <testcase classname="tests.SignupTests" name="test3" time="0.0">
    <ignored/>
  </testcase> <!-- test3 -->
</testsuite> <!-- UI-smokeTests -->
