<?xml version="1.0" encoding="UTF-8"?>
<!-- Generated by org.testng.reporters.JUnitXMLReporter -->
<testsuite ignored="0" hostname="marwan" failures="0" tests="5" name="Default test" time="50.406" errors="0" timestamp="2022-12-22T22:03:06 EST">
  <testcase classname="tests.CraterUserManagement" name="invalidLogin" time="4.159"/>
  <testcase classname="tests.CraterUserManagement" name="invalidLogin" time="5.144"/>
  <testcase classname="tests.CraterUserManagement" name="invalidLogin" time="4.18"/>
  <testcase classname="tests.CraterUserManagement" name="invalidLogin" time="3.502"/>
  <testcase classname="tests.CraterUserManagement" name="validLogin" time="6.861"/>
</testsuite> <!-- Default test -->
