<?xml version="1.0" encoding="UTF-8"?>
<!-- Generated by org.testng.reporters.JUnitXMLReporter -->
<testsuite ignored="0" hostname="marwan" failures="0" tests="9" name="APITests" time="4.553" errors="0" timestamp="2023-01-03T20:08:23 EST">
  <testcase classname="petStoreApiTests.PetStoreApiTests" name="chainValidation" time="2.65"/>
  <testcase classname="petStoreApiTests.PetStoreApiTests" name="createCatWithJsonFile" time="0.166"/>
  <testcase classname="petStoreApiTests.PetStoreApiTests" name="invalidIdUpdateCat" time="0.144"/>
  <testcase classname="petStoreApiTests.PetStoreApiTests" name="postACat" time="0.14"/>
  <testcase classname="petStoreApiTests.PetStoreApiTests" name="postAPet" time="0.122"/>
  <testcase classname="petStoreApiTests.PetStoreApiTests" name="findPetByStatus" time="0.106"/>
  <testcase classname="petStoreApiTests.PetStoreApiTests" name="updateCat" time="0.125"/>
  <testcase classname="petStoreApiTests.PetStoreApiTests" name="getPetById" time="0.122"/>
  <testcase classname="petStoreApiTests.PetStoreApiTests" name="getById" time="0.244"/>
</testsuite> <!-- APITests -->
